Arguments: 
  C:\Program Files\nodejs\node.exe C:\Program Files (x86)\Yarn\bin\yarn.js

PATH: 
  C:\ProgramData\Oracle\Java\javapath;C:\windows\system32;C:\windows;C:\windows\system32\wbem;C:\windows\system32\windowspowershell\v1.0\;c:\program files\interactive intelligence\icuserapps\;c:\program files (x86)\interactive intelligence\icuserapps\;c:\program files (x86)\interactive intelligence\inin trace initialization\;c:\program files\microsoft sql server\120\tools\binn\;c:\program files\microsoft sql server\client sdk\odbc\110\tools\binn\;c:\program files (x86)\microsoft sql server\120\tools\binn\;c:\program files\microsoft sql server\120\dts\binn\;c:\program files (x86)\microsoft sql server\120\tools\binn\managementstudio\;c:\program files (x86)\microsoft sql server\120\dts\binn\;c:\program files\microsoft\web platform installer\;c:\program files\git\cmd;c:\program files\microsoft sql server\130\tools\binn\;C:\Program Files (x86)\Interactive Intelligence\BusinessManagerApps\;C:\Program Files (x86)\Common Files\Crystal Decisions\2.0\bin\;C:\Program Files (x86)\SAP BusinessObjects\Crystal Reports for .NET Framework 4.0\Common\SAP BusinessObjects Enterprise XI 4.0\win32_x86\;C:\Program Files\dotnet\;C:\Program Files (x86)\Microsoft Team Foundation Server 2015 Power Tools\;C:\Program Files (x86)\Skype\Phone\;C:\Users\jkrause\e2e;C:\Program Files\Git\cmd;C:\Program Files (x86)\WebEx\Productivity Tools;C:\Program Files (x86)\Yarn\bin;C:\Program Files\nodejs\;C:\Users\jkrause\.dnx\bin;C:\Ruby22\bin;C:\Users\jkrause\AppData\Local\atom\bin;C:\Program Files (x86)\Rico Suter\NSwagStudio\;C:\Users\jkrause\AppData\Local\Yarn\bin;C:\Users\jkrause\AppData\Roaming\npm

Yarn version: 
  1.3.2

Node version: 
  8.9.1

Platform: 
  win32 x64

npm manifest: 
  {
    "name": "mello-labs-form-tools",
    "version": "0.1.0",
    "scripts": {
      "build": "gulp build",
      "build:watch": "gulp",
      "docs": "npm run docs:build",
      "docs:build": "compodoc -p tsconfig.json -n mello-labs-form-tools -d docs --hideGenerator",
      "docs:serve": "npm run docs:build -- -s",
      "docs:watch": "npm run docs:build -- -s -w",
      "lint": "tslint --type-check --project tsconfig.json src/**/*.ts",
      "lite": "lite-server",
      "playground:build": "tsc -p playground -w",
      "playground": "concurrently \"npm run build:watch\" \"npm run playground:build\" \"npm run lite\"",
      "test": "tsc && karma start"
    },
    "repository": {
      "type": "git",
      "url": "https://github.com/JerrolKrause/mello-labs-form-tools"
    },
    "author": {
      "name": "Jerrol Krause",
      "email": "jkrause@loandepot.com"
    },
    "keywords": [
      "angular"
    ],
    "license": "MIT",
    "bugs": {
      "url": "https://github.com/JerrolKrause/mello-labs-form-tools/issues"
    },
    "devDependencies": {
      "@angular/common": "^5.0.0",
      "@angular/compiler": "^5.0.0",
      "@angular/compiler-cli": "^5.0.0",
      "@angular/core": "^5.0.0",
      "@angular/platform-browser": "^5.0.0",
      "@angular/platform-browser-dynamic": "^5.0.0",
      "@compodoc/compodoc": "^1.0.0-beta.10",
      "@types/jasmine": "2.5.53",
      "@types/node": "~6.0.60",
      "angular-in-memory-web-api": "^0.3.2",
      "codelyzer": "~3.2.0",
      "concurrently": "^3.4.0",
      "core-js": "^2.4.1",
      "del": "^2.2.2",
      "gulp": "^3.9.1",
      "gulp-rename": "^1.2.2",
      "gulp-rollup": "^2.15.0",
      "jasmine-core": "~2.6.2",
      "jasmine-spec-reporter": "~4.1.0",
      "karma": "~1.7.0",
      "karma-chrome-launcher": "~2.1.1",
      "karma-cli": "~1.0.1",
      "karma-coverage-istanbul-reporter": "^1.2.1",
      "karma-jasmine": "~1.1.0",
      "karma-jasmine-html-reporter": "^0.2.2",
      "lite-server": "^2.3.0",
      "node-sass": "^4.5.2",
      "node-sass-tilde-importer": "^1.0.0",
      "node-watch": "^0.5.2",
      "protractor": "~5.1.2",
      "rollup": "^0.49.3",
      "run-sequence": "^1.2.2",
      "rxjs": "^5.5.2",
      "systemjs": "^0.20.12",
      "ts-node": "~3.2.0",
      "tslint": "~5.7.0",
      "typescript": "~2.4.2",
      "zone.js": "^0.8.14"
    },
    "engines": {
      "node": ">=6.0.0"
    }
  }

yarn manifest: 
  No manifest

Lockfile: 
  No lockfile

Trace: 
  Error: https://registry.npmjs.org/@angular%2fcommon: SSL Error: UNABLE_TO_GET_ISSUER_CERT_LOCALLY
      at Request.module.exports.Request.onRequestResponse (C:\Program Files (x86)\Yarn\lib\cli.js:123852:24)
      at emitOne (events.js:116:13)
      at ClientRequest.emit (events.js:211:7)
      at HTTPParser.parserOnIncomingClient [as onIncoming] (_http_client.js:551:21)
      at HTTPParser.parserOnHeadersComplete (_http_common.js:117:23)
      at TLSSocket.socketOnData (_http_client.js:440:20)
      at emitOne (events.js:116:13)
      at TLSSocket.emit (events.js:211:7)
      at addChunk (_stream_readable.js:263:12)
      at readableAddChunk (_stream_readable.js:250:11)
